# JRE version: OpenJDK Runtime Environment Temurin-17.0.6+10 (17.0.6+10) (build 17.0.6+10)
# Java VM: OpenJDK 64-Bit Server VM Temurin-17.0.6+10 (17.0.6+10, mixed mode, emulated-client, tiered, compressed oops, compressed class ptrs, g1 gc, windows-amd64)
GC Precious Log:
 CPUs: 8 total, 8 available
 Memory: 8058M
 Large Page Support: Disabled
 NUMA Support: Disabled
 Compressed Oops: Enabled (32-bit)
 Heap Region Size: 1M
 Heap Min Capacity: 8M
 Heap Initial Capacity: 126M
 Heap Max Capacity: 1G
 Pre-touch: Disabled
 Parallel Workers: 8
 Concurrent Workers: 2
 Concurrent Refinement Workers: 8
 Periodic GC: Disabled
Heap:
 garbage-first heap   total 174080K, used 81271K [0x00000000c0000000, 0x0000000100000000)
  region size 1024K, 5 young (5120K), 5 survivors (5120K)
 Metaspace       used 40027K, committed 40512K, reserved 1089536K
  class space    used 5119K, committed 5312K, reserved 1048576K
GC Heap History (20 events):
Event: 9.714 GC heap after
{Heap after GC invocations=12 (full 0):
 garbage-first heap   total 68608K, used 25389K [0x00000000c0000000, 0x0000000100000000)
  region size 1024K, 2 young (2048K), 2 survivors (2048K)
 Metaspace       used 36110K, committed 36480K, reserved 1081344K
  class space    used 4745K, committed 4928K, reserved 1048576K
}
Event: 9.794 GC heap before
{Heap before GC invocations=13 (full 0):
 garbage-first heap   total 68608K, used 48941K [0x00000000c0000000, 0x0000000100000000)
  region size 1024K, 26 young (26624K), 2 survivors (2048K)
 Metaspace       used 36460K, committed 36864K, reserved 1081344K
  class space    used 4805K, committed 4992K, reserved 1048576K
}
Event: 9.797 GC heap after
{Heap after GC invocations=14 (full 0):
 garbage-first heap   total 68608K, used 30186K [0x00000000c0000000, 0x0000000100000000)
  region size 1024K, 4 young (4096K), 4 survivors (4096K)
 Metaspace       used 36460K, committed 36864K, reserved 1081344K
  class space    used 4805K, committed 4992K, reserved 1048576K
}
Event: 9.830 GC heap before
{Heap before GC invocations=14 (full 0):
 garbage-first heap   total 68608K, used 48618K [0x00000000c0000000, 0x0000000100000000)
  region size 1024K, 23 young (23552K), 4 survivors (4096K)
 Metaspace       used 36799K, committed 37184K, reserved 1081344K
  class space    used 4825K, committed 4992K, reserved 1048576K
}
Event: 9.833 GC heap after
{Heap after GC invocations=15 (full 0):
 garbage-first heap   total 68608K, used 33603K [0x00000000c0000000, 0x0000000100000000)
  region size 1024K, 3 young (3072K), 3 survivors (3072K)
 Metaspace       used 36799K, committed 37184K, reserved 1081344K
  class space    used 4825K, committed 4992K, reserved 1048576K
}
Event: 9.857 GC heap before
{Heap before GC invocations=15 (full 0):
 garbage-first heap   total 68608K, used 49987K [0x00000000c0000000, 0x0000000100000000)
  region size 1024K, 20 young (20480K), 3 survivors (3072K)
 Metaspace       used 37037K, committed 37504K, reserved 1081344K
  class space    used 4841K, committed 5056K, reserved 1048576K
}
Event: 9.860 GC heap after
{Heap after GC invocations=16 (full 0):
 garbage-first heap   total 68608K, used 36977K [0x00000000c0000000, 0x0000000100000000)
  region size 1024K, 3 young (3072K), 3 survivors (3072K)
 Metaspace       used 37037K, committed 37504K, reserved 1081344K
  class space    used 4841K, committed 5056K, reserved 1048576K
}
Event: 9.886 GC heap before
{Heap before GC invocations=16 (full 0):
 garbage-first heap   total 87040K, used 52337K [0x00000000c0000000, 0x0000000100000000)
  region size 1024K, 18 young (18432K), 3 survivors (3072K)
 Metaspace       used 37170K, committed 37568K, reserved 1081344K
  class space    used 4851K, committed 5056K, reserved 1048576K
}
Event: 9.891 GC heap after
{Heap after GC invocations=17 (full 0):
 garbage-first heap   total 87040K, used 41492K [0x00000000c0000000, 0x0000000100000000)
  region size 1024K, 3 young (3072K), 3 survivors (3072K)
 Metaspace       used 37170K, committed 37568K, reserved 1081344K
  class space    used 4851K, committed 5056K, reserved 1048576K
}
Event: 9.925 GC heap before
{Heap before GC invocations=18 (full 0):
 garbage-first heap   total 87040K, used 62996K [0x00000000c0000000, 0x0000000100000000)
  region size 1024K, 25 young (25600K), 3 survivors (3072K)
 Metaspace       used 37513K, committed 37888K, reserved 1089536K
  class space    used 4893K, committed 5056K, reserved 1048576K
}
Event: 9.930 GC heap after
{Heap after GC invocations=19 (full 0):
 garbage-first heap   total 87040K, used 47053K [0x00000000c0000000, 0x0000000100000000)
  region size 1024K, 4 young (4096K), 4 survivors (4096K)
 Metaspace       used 37513K, committed 37888K, reserved 1089536K
  class space    used 4893K, committed 5056K, reserved 1048576K
}
Event: 9.932 GC heap before
{Heap before GC invocations=19 (full 0):
 garbage-first heap   total 87040K, used 48077K [0x00000000c0000000, 0x0000000100000000)
  region size 1024K, 5 young (5120K), 4 survivors (4096K)
 Metaspace       used 37542K, committed 37952K, reserved 1089536K
  class space    used 4893K, committed 5056K, reserved 1048576K
}
Event: 9.935 GC heap after
{Heap after GC invocations=20 (full 0):
 garbage-first heap   total 174080K, used 47914K [0x00000000c0000000, 0x0000000100000000)
  region size 1024K, 1 young (1024K), 1 survivors (1024K)
 Metaspace       used 37542K, committed 37952K, reserved 1089536K
  class space    used 4893K, committed 5056K, reserved 1048576K
}
Event: 10.253 GC heap before
{Heap before GC invocations=20 (full 0):
 garbage-first heap   total 174080K, used 113450K [0x00000000c0000000, 0x0000000100000000)
  region size 1024K, 63 young (64512K), 1 survivors (1024K)
 Metaspace       used 39606K, committed 40000K, reserved 1089536K
  class space    used 5065K, committed 5248K, reserved 1048576K
}
Event: 10.279 GC heap after
{Heap after GC invocations=21 (full 0):
 garbage-first heap   total 174080K, used 72361K [0x00000000c0000000, 0x0000000100000000)
  region size 1024K, 8 young (8192K), 8 survivors (8192K)
 Metaspace       used 39606K, committed 40000K, reserved 1089536K
  class space    used 5065K, committed 5248K, reserved 1048576K
}
Event: 10.320 GC heap before
{Heap before GC invocations=21 (full 0):
 garbage-first heap   total 174080K, used 115369K [0x00000000c0000000, 0x0000000100000000)
  region size 1024K, 51 young (52224K), 8 survivors (8192K)
 Metaspace       used 39722K, committed 40128K, reserved 1089536K
  class space    used 5089K, committed 5248K, reserved 1048576K
}
Event: 10.327 GC heap after
{Heap after GC invocations=22 (full 0):
 garbage-first heap   total 174080K, used 77328K [0x00000000c0000000, 0x0000000100000000)
  region size 1024K, 3 young (3072K), 3 survivors (3072K)
 Metaspace       used 39722K, committed 40128K, reserved 1089536K
  class space    used 5089K, committed 5248K, reserved 1048576K
}
Event: 10.374 GC heap before
{Heap before GC invocations=22 (full 0):
 garbage-first heap   total 174080K, used 122384K [0x00000000c0000000, 0x0000000100000000)
  region size 1024K, 48 young (49152K), 3 survivors (3072K)
 Metaspace       used 39881K, committed 40320K, reserved 1089536K
  class space    used 5112K, committed 5312K, reserved 1048576K
}
Event: 10.376 GC heap after
{Heap after GC invocations=23 (full 0):
 garbage-first heap   total 174080K, used 79302K [0x00000000c0000000, 0x0000000100000000)
  region size 1024K, 5 young (5120K), 5 survivors (5120K)
 Metaspace       used 39881K, committed 40320K, reserved 1089536K
  class space    used 5112K, committed 5312K, reserved 1048576K
}
Event: 10.391 GC heap before
{Heap before GC invocations=23 (full 0):
 garbage-first heap   total 174080K, used 128454K [0x00000000c0000000, 0x0000000100000000)
  region size 1024K, 54 young (55296K), 5 survivors (5120K)
 Metaspace       used 40027K, committed 40512K, reserved 1089536K
  class space    used 5119K, committed 5312K, reserved 1048576K
}

